Starting audit...
[ERROR] /Users/harinathareddy/Desktop/MSIT COURSES/ADS1_20186033/ADS1_20186033/ADS1_assignments/m20/20.1 BST/Solution.java:524:5: Missing a Javadoc comment. [JavadocMethod]
[ERROR] /Users/harinathareddy/Desktop/MSIT COURSES/ADS1_20186033/ADS1_20186033/ADS1_assignments/m20/20.1 BST/Solution.java:524:28: Parameter x should be final. [FinalParameters]
[ERROR] /Users/harinathareddy/Desktop/MSIT COURSES/ADS1_20186033/ADS1_20186033/ADS1_assignments/m20/20.1 BST/Solution.java:550:28: Parameter x should be final. [FinalParameters]
[ERROR] /Users/harinathareddy/Desktop/MSIT COURSES/ADS1_20186033/ADS1_20186033/ADS1_assignments/m20/20.1 BST/Solution.java:566:24: Parameter key should be final. [FinalParameters]
[ERROR] /Users/harinathareddy/Desktop/MSIT COURSES/ADS1_20186033/ADS1_20186033/ADS1_assignments/m20/20.1 BST/Solution.java:581:25: Parameter x should be final. [FinalParameters]
[ERROR] /Users/harinathareddy/Desktop/MSIT COURSES/ADS1_20186033/ADS1_20186033/ADS1_assignments/m20/20.1 BST/Solution.java:581:33: Parameter key should be final. [FinalParameters]
[ERROR] /Users/harinathareddy/Desktop/MSIT COURSES/ADS1_20186033/ADS1_20186033/ADS1_assignments/m20/20.1 BST/Solution.java:582: 'if' construct must use '{}'s. [NeedBraces]
Audit done.
Checkstyle ends with 7 errors.
